<?xml version="1.0" encoding="UTF-8"?>
<!-- Generated by org.testng.reporters.JUnitReportReporter -->
<testsuite skipped="0" hostname="Bulbul-XPS" name="com.testrunner.TestRunner" tests="1" failures="0" timestamp="16 Oct 2020 22:18:02 GMT" time="8.333" errors="0">
  <testcase name="feature" time="8.333" classname="com.testrunner.TestRunner"/>
</testsuite> <!-- com.testrunner.TestRunner -->
